name: graphrank-recommendation-engine
services:
  api:
    build:
      context: C:\Users\Ynez Dias\OneDrive\Desktop\GraphRank-Recommendation-Engine
      dockerfile: Dockerfile
    depends_on:
      postgres:
        condition: service_started
        required: true
      redis:
        condition: service_started
        required: true
    deploy:
      replicas: 3
    environment:
      DB_HOST: postgres
      REDIS_HOST: redis
    networks:
      default: null
  nginx:
    depends_on:
      api:
        condition: service_started
        required: true
    image: nginx:alpine
    networks:
      default: null
    ports:
      - mode: ingress
        target: 80
        published: "8000"
        protocol: tcp
    volumes:
      - type: bind
        source: C:\Users\Ynez Dias\OneDrive\Desktop\GraphRank-Recommendation-Engine\nginx.conf
        target: /etc/nginx/nginx.conf
        read_only: true
        bind: {}
  postgres:
    container_name: graphrank_postgres
    environment:
      POSTGRES_DB: graphrank
      POSTGRES_PASSWORD: admin
      POSTGRES_USER: admin
    image: postgres:15
    networks:
      default: null
    ports:
      - mode: ingress
        target: 5432
        published: "5432"
        protocol: tcp
  redis:
    container_name: graphrank_redis
    image: redis:7
    networks:
      default: null
    ports:
      - mode: ingress
        target: 6379
        published: "6379"
        protocol: tcp
  spark:
    command:
      - /opt/spark/bin/spark-class
      - org.apache.spark.deploy.master.Master
    container_name: graphrank_spark
    image: apache/spark:3.5.1
    networks:
      default: null
    ports:
      - mode: ingress
        target: 8080
        published: "8080"
        protocol: tcp
      - mode: ingress
        target: 7077
        published: "7077"
        protocol: tcp
networks:
  default:
    name: graphrank-recommendation-engine_default
